app/build/intermediates/manifest_merge_blame_file/release/manifest-merger-blame-release-report.txt
1<?xml version="1.0" encoding="utf-8"?>
2<manifest xmlns:android="http://schemas.android.com/apk/res/android"
3    package="com.jdots.music"
4    android:installLocation="auto"
5    android:versionCode="2"
6    android:versionName="1.1" >
7
8    <uses-sdk
9        android:minSdkVersion="21"
9-->src\main\AndroidManifest.xml
10        android:targetSdkVersion="30" />
10-->src\main\AndroidManifest.xml
11
12    <uses-permission android:name="android.permission.BLUETOOTH" />
12-->src\main\AndroidManifest.xml:7:5-68
12-->src\main\AndroidManifest.xml:7:22-65
13    <uses-permission android:name="android.permission.DISABLE_KEYGUARD" />
13-->src\main\AndroidManifest.xml:8:5-75
13-->src\main\AndroidManifest.xml:8:22-72
14    <uses-permission android:name="android.permission.WAKE_LOCK" />
14-->src\main\AndroidManifest.xml:9:5-68
14-->src\main\AndroidManifest.xml:9:22-65
15    <uses-permission android:name="android.permission.READ_EXTERNAL_STORAGE" />
15-->src\main\AndroidManifest.xml:10:5-80
15-->src\main\AndroidManifest.xml:10:22-77
16    <uses-permission android:name="android.permission.WRITE_EXTERNAL_STORAGE" />
16-->src\main\AndroidManifest.xml:11:5-81
16-->src\main\AndroidManifest.xml:11:22-78
17    <uses-permission android:name="android.permission.INTERNET" />
17-->src\main\AndroidManifest.xml:12:5-67
17-->src\main\AndroidManifest.xml:12:22-64
18    <uses-permission android:name="android.permission.ACCESS_NETWORK_STATE" />
18-->src\main\AndroidManifest.xml:13:5-79
18-->src\main\AndroidManifest.xml:13:22-76
19    <uses-permission android:name="android.permission.BROADCAST_STICKY" />
19-->src\main\AndroidManifest.xml:14:5-75
19-->src\main\AndroidManifest.xml:14:22-72
20    <uses-permission android:name="android.permission.FOREGROUND_SERVICE" />
20-->src\main\AndroidManifest.xml:15:5-77
20-->src\main\AndroidManifest.xml:15:22-74
21    <uses-permission android:name="android.permission.WRITE_SETTINGS" />
21-->src\main\AndroidManifest.xml:16:5-18:47
21-->src\main\AndroidManifest.xml:17:9-57
22    <uses-permission android:name="android.permission.RECEIVE_BOOT_COMPLETED" />
22-->src\main\AndroidManifest.xml:19:5-81
22-->src\main\AndroidManifest.xml:19:22-78
23
24    <application
24-->src\main\AndroidManifest.xml:21:5-255:19
25        android:name="com.jdots.music.App"
25-->src\main\AndroidManifest.xml:22:9-43
26        android:allowBackup="true"
26-->src\main\AndroidManifest.xml:23:9-35
27        android:appComponentFactory="androidx.core.app.CoreComponentFactory"
27-->[androidx.core:core:1.3.1] AndroidManifest.xml:24:18-86
28        android:configChanges="locale|layoutDirection"
28-->src\main\AndroidManifest.xml:24:9-55
29        android:icon="@mipmap/ic_launcher"
29-->src\main\AndroidManifest.xml:25:9-43
30        android:label="@string/app_name"
30-->src\main\AndroidManifest.xml:26:9-41
31        android:requestLegacyExternalStorage="true"
31-->src\main\AndroidManifest.xml:27:9-52
32        android:roundIcon="@mipmap/ic_launcher_round"
32-->src\main\AndroidManifest.xml:28:9-54
33        android:supportsRtl="true"
33-->src\main\AndroidManifest.xml:29:9-35
34        android:theme="@style/Theme.RetroMusic.FollowSystem"
34-->src\main\AndroidManifest.xml:30:9-61
35        android:usesCleartextTraffic="false" >
35-->src\main\AndroidManifest.xml:31:9-45
36        <activity
36-->src\main\AndroidManifest.xml:34:9-109:20
37            android:name="com.jdots.music.activities.MainActivity"
37-->src\main\AndroidManifest.xml:35:13-67
38            android:exported="true"
38-->src\main\AndroidManifest.xml:38:13-36
39            android:label="@string/app_name"
39-->src\main\AndroidManifest.xml:36:13-45
40            android:theme="@style/SplashTheme" >
40-->src\main\AndroidManifest.xml:37:13-47
41            <intent-filter>
41-->src\main\AndroidManifest.xml:40:13-47:29
42                <action android:name="android.intent.action.MAIN" />
42-->src\main\AndroidManifest.xml:41:17-69
42-->src\main\AndroidManifest.xml:41:25-66
43                <action android:name="android.intent.action.MUSIC_PLAYER" />
43-->src\main\AndroidManifest.xml:42:17-77
43-->src\main\AndroidManifest.xml:42:25-74
44
45                <category android:name="android.intent.category.LAUNCHER" />
45-->src\main\AndroidManifest.xml:44:17-77
45-->src\main\AndroidManifest.xml:44:27-74
46                <category android:name="android.intent.category.APP_MUSIC" />
46-->src\main\AndroidManifest.xml:45:17-78
46-->src\main\AndroidManifest.xml:45:27-75
47                <category android:name="android.intent.category.DEFAULT" />
47-->src\main\AndroidManifest.xml:46:17-76
47-->src\main\AndroidManifest.xml:46:27-73
48            </intent-filter>
49            <intent-filter>
49-->src\main\AndroidManifest.xml:48:13-52:29
50                <action android:name="android.media.action.MEDIA_PLAY_FROM_SEARCH" />
50-->src\main\AndroidManifest.xml:49:17-86
50-->src\main\AndroidManifest.xml:49:25-83
51
52                <category android:name="android.intent.category.DEFAULT" />
52-->src\main\AndroidManifest.xml:46:17-76
52-->src\main\AndroidManifest.xml:46:27-73
53            </intent-filter>
54            <intent-filter>
54-->src\main\AndroidManifest.xml:53:13-63:29
55                <action android:name="android.intent.action.VIEW" />
55-->src\main\AndroidManifest.xml:54:17-69
55-->src\main\AndroidManifest.xml:54:25-66
56
57                <category android:name="android.intent.category.DEFAULT" />
57-->src\main\AndroidManifest.xml:46:17-76
57-->src\main\AndroidManifest.xml:46:27-73
58
59                <data android:scheme="content" />
59-->src\main\AndroidManifest.xml:58:17-50
59-->src\main\AndroidManifest.xml:58:23-47
60                <data android:mimeType="audio/*" />
60-->src\main\AndroidManifest.xml:58:17-50
60-->src\main\AndroidManifest.xml:59:23-49
61                <data android:mimeType="application/ogg" />
61-->src\main\AndroidManifest.xml:58:17-50
61-->src\main\AndroidManifest.xml:59:23-49
62                <data android:mimeType="application/x-ogg" />
62-->src\main\AndroidManifest.xml:58:17-50
62-->src\main\AndroidManifest.xml:59:23-49
63                <data android:mimeType="application/itunes" />
63-->src\main\AndroidManifest.xml:58:17-50
63-->src\main\AndroidManifest.xml:59:23-49
64            </intent-filter>
65            <intent-filter>
65-->src\main\AndroidManifest.xml:64:13-74:29
66                <action android:name="android.intent.action.VIEW" />
66-->src\main\AndroidManifest.xml:54:17-69
66-->src\main\AndroidManifest.xml:54:25-66
67
68                <category android:name="android.intent.category.DEFAULT" />
68-->src\main\AndroidManifest.xml:46:17-76
68-->src\main\AndroidManifest.xml:46:27-73
69
70                <data android:scheme="file" />
70-->src\main\AndroidManifest.xml:58:17-50
70-->src\main\AndroidManifest.xml:58:23-47
71                <data android:mimeType="audio/*" />
71-->src\main\AndroidManifest.xml:58:17-50
71-->src\main\AndroidManifest.xml:59:23-49
72                <data android:mimeType="application/ogg" />
72-->src\main\AndroidManifest.xml:58:17-50
72-->src\main\AndroidManifest.xml:59:23-49
73                <data android:mimeType="application/x-ogg" />
73-->src\main\AndroidManifest.xml:58:17-50
73-->src\main\AndroidManifest.xml:59:23-49
74                <data android:mimeType="application/itunes" />
74-->src\main\AndroidManifest.xml:58:17-50
74-->src\main\AndroidManifest.xml:59:23-49
75            </intent-filter>
76            <intent-filter>
76-->src\main\AndroidManifest.xml:75:13-86:29
77                <action android:name="android.intent.action.VIEW" />
77-->src\main\AndroidManifest.xml:54:17-69
77-->src\main\AndroidManifest.xml:54:25-66
78
79                <category android:name="android.intent.category.DEFAULT" />
79-->src\main\AndroidManifest.xml:46:17-76
79-->src\main\AndroidManifest.xml:46:27-73
80                <category android:name="android.intent.category.BROWSABLE" />
80-->src\main\AndroidManifest.xml:79:17-78
80-->src\main\AndroidManifest.xml:79:27-75
81
82                <data android:scheme="http" />
82-->src\main\AndroidManifest.xml:58:17-50
82-->src\main\AndroidManifest.xml:58:23-47
83                <data android:mimeType="audio/*" />
83-->src\main\AndroidManifest.xml:58:17-50
83-->src\main\AndroidManifest.xml:59:23-49
84                <data android:mimeType="application/ogg" />
84-->src\main\AndroidManifest.xml:58:17-50
84-->src\main\AndroidManifest.xml:59:23-49
85                <data android:mimeType="application/x-ogg" />
85-->src\main\AndroidManifest.xml:58:17-50
85-->src\main\AndroidManifest.xml:59:23-49
86                <data android:mimeType="application/itunes" />
86-->src\main\AndroidManifest.xml:58:17-50
86-->src\main\AndroidManifest.xml:59:23-49
87            </intent-filter>
88            <intent-filter>
88-->src\main\AndroidManifest.xml:87:13-95:29
89                <action android:name="android.intent.action.VIEW" />
89-->src\main\AndroidManifest.xml:54:17-69
89-->src\main\AndroidManifest.xml:54:25-66
90
91                <category android:name="android.intent.category.DEFAULT" />
91-->src\main\AndroidManifest.xml:46:17-76
91-->src\main\AndroidManifest.xml:46:27-73
92
93                <data android:mimeType="vnd.android.cursor.dir/playlist" />
93-->src\main\AndroidManifest.xml:58:17-50
93-->src\main\AndroidManifest.xml:59:23-49
94                <data android:mimeType="vnd.android.cursor.dir/albums" />
94-->src\main\AndroidManifest.xml:58:17-50
94-->src\main\AndroidManifest.xml:59:23-49
95                <data android:mimeType="vnd.android.cursor.dir/artists" />
95-->src\main\AndroidManifest.xml:58:17-50
95-->src\main\AndroidManifest.xml:59:23-49
96            </intent-filter>
97            <intent-filter>
97-->src\main\AndroidManifest.xml:96:13-100:29
98                <action android:name="com.cyanogenmod.eleven.AUDIO_PLAYER" />
98-->src\main\AndroidManifest.xml:97:17-78
98-->src\main\AndroidManifest.xml:97:25-75
99
100                <category android:name="android.intent.category.DEFAULT" />
100-->src\main\AndroidManifest.xml:46:17-76
100-->src\main\AndroidManifest.xml:46:27-73
101            </intent-filter>
102            <intent-filter>
102-->src\main\AndroidManifest.xml:101:13-108:29
103                <action android:name="android.intent.action.PICK" />
103-->src\main\AndroidManifest.xml:102:17-69
103-->src\main\AndroidManifest.xml:102:25-66
104
105                <category android:name="android.intent.category.DEFAULT" />
105-->src\main\AndroidManifest.xml:46:17-76
105-->src\main\AndroidManifest.xml:46:27-73
106                <category android:name="android.intent.category.OPENABLE" />
106-->src\main\AndroidManifest.xml:105:17-77
106-->src\main\AndroidManifest.xml:105:27-74
107
108                <data android:mimeType="vnd.android.cursor.dir/audio" />
108-->src\main\AndroidManifest.xml:58:17-50
108-->src\main\AndroidManifest.xml:59:23-49
109            </intent-filter>
110        </activity>
111        <activity android:name="com.jdots.music.activities.PlayingQueueActivity" />
111-->src\main\AndroidManifest.xml:110:9-84
111-->src\main\AndroidManifest.xml:110:19-81
112        <activity android:name="com.jdots.music.activities.SettingsActivity" />
112-->src\main\AndroidManifest.xml:111:9-80
112-->src\main\AndroidManifest.xml:111:19-77
113        <activity android:name="com.jdots.music.activities.tageditor.AlbumTagEditorActivity" />
113-->src\main\AndroidManifest.xml:112:9-96
113-->src\main\AndroidManifest.xml:112:19-93
114        <activity android:name="com.jdots.music.activities.tageditor.SongTagEditorActivity" />
114-->src\main\AndroidManifest.xml:113:9-95
114-->src\main\AndroidManifest.xml:113:19-92
115        <activity android:name="com.jdots.music.activities.LyricsActivity" />
115-->src\main\AndroidManifest.xml:114:9-78
115-->src\main\AndroidManifest.xml:114:19-75
116        <activity android:name="com.jdots.music.activities.UserInfoActivity" />
116-->src\main\AndroidManifest.xml:115:9-80
116-->src\main\AndroidManifest.xml:115:19-77
117        <activity android:name="com.jdots.music.activities.LicenseActivity" />
117-->src\main\AndroidManifest.xml:116:9-79
117-->src\main\AndroidManifest.xml:116:19-76
118        <activity android:name="com.jdots.music.activities.WhatsNewActivity" />
118-->src\main\AndroidManifest.xml:117:9-80
118-->src\main\AndroidManifest.xml:117:19-77
119        <activity android:name="com.jdots.music.activities.bugreport.BugReportActivity" />
119-->src\main\AndroidManifest.xml:118:9-91
119-->src\main\AndroidManifest.xml:118:19-88
120        <activity android:name="com.jdots.music.activities.ShareInstagramStory" />
120-->src\main\AndroidManifest.xml:119:9-83
120-->src\main\AndroidManifest.xml:119:19-80
121        <activity android:name="com.jdots.music.activities.DriveModeActivity" />
121-->src\main\AndroidManifest.xml:120:9-81
121-->src\main\AndroidManifest.xml:120:19-78
122        <activity android:name="com.jdots.music.activities.PermissionActivity" />
122-->src\main\AndroidManifest.xml:121:9-82
122-->src\main\AndroidManifest.xml:121:19-79
123        <activity android:name="com.jdots.music.activities.LockScreenActivity" />
123-->src\main\AndroidManifest.xml:122:9-82
123-->src\main\AndroidManifest.xml:122:19-79
124        <activity
124-->src\main\AndroidManifest.xml:124:9-127:75
125            android:name="com.jdots.music.appshortcuts.AppShortcutLauncherActivity"
125-->src\main\AndroidManifest.xml:125:13-84
126            android:launchMode="singleInstance"
126-->src\main\AndroidManifest.xml:126:13-48
127            android:theme="@android:style/Theme.Translucent.NoTitleBar" />
127-->src\main\AndroidManifest.xml:127:13-72
128        <activity
128-->src\main\AndroidManifest.xml:129:9-131:50
129            android:name="com.jdots.music.activities.saf.SAFGuideActivity"
129-->src\main\AndroidManifest.xml:130:13-75
130            android:theme="@style/Theme.Intro" />
130-->src\main\AndroidManifest.xml:131:13-47
131
132        <provider
133            android:name="com.jdots.music.misc.GenericFileProvider"
133-->src\main\AndroidManifest.xml:134:13-68
134            android:authorities="com.jdots.music.provider"
134-->src\main\AndroidManifest.xml:135:13-60
135            android:exported="false"
135-->src\main\AndroidManifest.xml:136:13-37
136            android:grantUriPermissions="true" >
136-->src\main\AndroidManifest.xml:137:13-47
137            <meta-data
137-->src\main\AndroidManifest.xml:138:13-140:58
138                android:name="android.support.FILE_PROVIDER_PATHS"
138-->src\main\AndroidManifest.xml:139:17-67
139                android:resource="@xml/provider_paths" />
139-->src\main\AndroidManifest.xml:140:17-55
140        </provider>
141        <provider
142            android:name="androidx.core.content.FileProvider"
142-->src\main\AndroidManifest.xml:145:13-62
143            android:authorities="com.jdots.music"
143-->src\main\AndroidManifest.xml:146:13-51
144            android:exported="false"
144-->src\main\AndroidManifest.xml:147:13-37
145            android:grantUriPermissions="true" >
145-->src\main\AndroidManifest.xml:148:13-47
146            <meta-data
146-->src\main\AndroidManifest.xml:138:13-140:58
147                android:name="android.support.FILE_PROVIDER_PATHS"
147-->src\main\AndroidManifest.xml:139:17-67
148                android:resource="@xml/provider_paths" />
148-->src\main\AndroidManifest.xml:140:17-55
149        </provider>
150
151        <receiver android:name="com.jdots.music.service.MediaButtonIntentReceiver" >
151-->src\main\AndroidManifest.xml:154:9-158:20
151-->src\main\AndroidManifest.xml:154:19-83
152            <intent-filter>
152-->src\main\AndroidManifest.xml:155:13-157:29
153                <action android:name="android.intent.action.MEDIA_BUTTON" />
153-->src\main\AndroidManifest.xml:156:17-77
153-->src\main\AndroidManifest.xml:156:25-74
154            </intent-filter>
155        </receiver>
156        <receiver android:name="com.jdots.music.appwidgets.BootReceiver" >
156-->src\main\AndroidManifest.xml:160:9-165:20
156-->src\main\AndroidManifest.xml:160:19-73
157            <intent-filter>
157-->src\main\AndroidManifest.xml:161:13-164:29
158                <action android:name="android.intent.action.BOOT_COMPLETED" />
158-->src\main\AndroidManifest.xml:162:17-79
158-->src\main\AndroidManifest.xml:162:25-76
159                <action android:name="android.intent.action.QUICKBOOT_POWERON" />
159-->src\main\AndroidManifest.xml:163:17-82
159-->src\main\AndroidManifest.xml:163:25-79
160            </intent-filter>
161        </receiver>
162        <receiver
162-->src\main\AndroidManifest.xml:167:9-178:20
163            android:name="com.jdots.music.appwidgets.AppWidgetBig"
163-->src\main\AndroidManifest.xml:168:13-67
164            android:exported="false"
164-->src\main\AndroidManifest.xml:169:13-37
165            android:label="@string/app_widget_big_name" >
165-->src\main\AndroidManifest.xml:170:13-56
166            <intent-filter>
166-->src\main\AndroidManifest.xml:171:13-173:29
167                <action android:name="android.appwidget.action.APPWIDGET_UPDATE" />
167-->src\main\AndroidManifest.xml:172:17-84
167-->src\main\AndroidManifest.xml:172:25-81
168            </intent-filter>
169
170            <meta-data
170-->src\main\AndroidManifest.xml:175:13-177:63
171                android:name="android.appwidget.provider"
171-->src\main\AndroidManifest.xml:176:17-58
172                android:resource="@xml/app_widget_big_info" />
172-->src\main\AndroidManifest.xml:177:17-60
173        </receiver>
174        <receiver
174-->src\main\AndroidManifest.xml:180:9-191:20
175            android:name="com.jdots.music.appwidgets.AppWidgetClassic"
175-->src\main\AndroidManifest.xml:181:13-71
176            android:exported="false"
176-->src\main\AndroidManifest.xml:182:13-37
177            android:label="@string/app_widget_classic_name" >
177-->src\main\AndroidManifest.xml:183:13-60
178            <intent-filter>
178-->src\main\AndroidManifest.xml:171:13-173:29
179                <action android:name="android.appwidget.action.APPWIDGET_UPDATE" />
179-->src\main\AndroidManifest.xml:172:17-84
179-->src\main\AndroidManifest.xml:172:25-81
180            </intent-filter>
181
182            <meta-data
182-->src\main\AndroidManifest.xml:175:13-177:63
183                android:name="android.appwidget.provider"
183-->src\main\AndroidManifest.xml:176:17-58
184                android:resource="@xml/app_widget_classic_info" />
184-->src\main\AndroidManifest.xml:177:17-60
185        </receiver>
186        <receiver
186-->src\main\AndroidManifest.xml:192:9-203:20
187            android:name="com.jdots.music.appwidgets.AppWidgetSmall"
187-->src\main\AndroidManifest.xml:193:13-69
188            android:exported="false"
188-->src\main\AndroidManifest.xml:194:13-37
189            android:label="@string/app_widget_small_name" >
189-->src\main\AndroidManifest.xml:195:13-58
190            <intent-filter>
190-->src\main\AndroidManifest.xml:171:13-173:29
191                <action android:name="android.appwidget.action.APPWIDGET_UPDATE" />
191-->src\main\AndroidManifest.xml:172:17-84
191-->src\main\AndroidManifest.xml:172:25-81
192            </intent-filter>
193
194            <meta-data
194-->src\main\AndroidManifest.xml:175:13-177:63
195                android:name="android.appwidget.provider"
195-->src\main\AndroidManifest.xml:176:17-58
196                android:resource="@xml/app_widget_small_info" />
196-->src\main\AndroidManifest.xml:177:17-60
197        </receiver>
198        <receiver
198-->src\main\AndroidManifest.xml:204:9-215:20
199            android:name="com.jdots.music.appwidgets.AppWidgetText"
199-->src\main\AndroidManifest.xml:205:13-68
200            android:exported="false"
200-->src\main\AndroidManifest.xml:206:13-37
201            android:label="@string/app_widget_text_name" >
201-->src\main\AndroidManifest.xml:207:13-57
202            <intent-filter>
202-->src\main\AndroidManifest.xml:171:13-173:29
203                <action android:name="android.appwidget.action.APPWIDGET_UPDATE" />
203-->src\main\AndroidManifest.xml:172:17-84
203-->src\main\AndroidManifest.xml:172:25-81
204            </intent-filter>
205
206            <meta-data
206-->src\main\AndroidManifest.xml:175:13-177:63
207                android:name="android.appwidget.provider"
207-->src\main\AndroidManifest.xml:176:17-58
208                android:resource="@xml/app_widget_text" />
208-->src\main\AndroidManifest.xml:177:17-60
209        </receiver>
210        <receiver
210-->src\main\AndroidManifest.xml:216:9-227:20
211            android:name="com.jdots.music.appwidgets.AppWidgetCard"
211-->src\main\AndroidManifest.xml:217:13-68
212            android:exported="false"
212-->src\main\AndroidManifest.xml:218:13-37
213            android:label="@string/app_widget_card_name" >
213-->src\main\AndroidManifest.xml:219:13-57
214            <intent-filter>
214-->src\main\AndroidManifest.xml:171:13-173:29
215                <action android:name="android.appwidget.action.APPWIDGET_UPDATE" />
215-->src\main\AndroidManifest.xml:172:17-84
215-->src\main\AndroidManifest.xml:172:25-81
216            </intent-filter>
217
218            <meta-data
218-->src\main\AndroidManifest.xml:175:13-177:63
219                android:name="android.appwidget.provider"
219-->src\main\AndroidManifest.xml:176:17-58
220                android:resource="@xml/app_widget_card_info" />
220-->src\main\AndroidManifest.xml:177:17-60
221        </receiver>
222
223        <service
223-->src\main\AndroidManifest.xml:229:9-238:19
224            android:name="com.jdots.music.service.MusicService"
224-->src\main\AndroidManifest.xml:230:13-64
225            android:enabled="true"
225-->src\main\AndroidManifest.xml:231:13-35
226            android:exported="true"
226-->src\main\AndroidManifest.xml:232:13-36
227            android:label="@string/app_name" >
227-->src\main\AndroidManifest.xml:233:13-45
228            <intent-filter>
228-->src\main\AndroidManifest.xml:235:13-237:29
229                <action android:name="android.media.browse.MediaBrowserService" />
229-->src\main\AndroidManifest.xml:236:17-83
229-->src\main\AndroidManifest.xml:236:25-80
230            </intent-filter>
231        </service>
232
233        <meta-data
233-->src\main\AndroidManifest.xml:240:9-242:35
234            android:name="android.max_aspect"
234-->src\main\AndroidManifest.xml:241:13-46
235            android:value="2.1" />
235-->src\main\AndroidManifest.xml:242:13-32
236        <meta-data
236-->src\main\AndroidManifest.xml:244:9-246:36
237            android:name="com.lge.support.SPLIT_WINDOW"
237-->src\main\AndroidManifest.xml:245:13-56
238            android:value="true" />
238-->src\main\AndroidManifest.xml:246:13-33
239        <meta-data
239-->src\main\AndroidManifest.xml:248:9-250:43
240            android:name="com.jdots.music.glide.RetroMusicGlideModule"
240-->src\main\AndroidManifest.xml:249:13-71
241            android:value="GlideModule" />
241-->src\main\AndroidManifest.xml:250:13-40
242        <meta-data
242-->src\main\AndroidManifest.xml:252:9-254:43
243            android:name="com.bumptech.glide.integration.okhttp3.OkHttpGlideModule"
243-->src\main\AndroidManifest.xml:253:13-84
244            android:value="GlideModule" />
244-->src\main\AndroidManifest.xml:254:13-40
245
246        <activity
246-->[com.github.dhaval2404:imagepicker:1.7.1] AndroidManifest.xml:15:9-18:68
247            android:name="com.github.dhaval2404.imagepicker.ImagePickerActivity"
247-->[com.github.dhaval2404:imagepicker:1.7.1] AndroidManifest.xml:16:13-81
248            android:screenOrientation="unspecified"
248-->[com.github.dhaval2404:imagepicker:1.7.1] AndroidManifest.xml:17:13-52
249            android:theme="@style/Theme.Transparent.ImagePicker" />
249-->[com.github.dhaval2404:imagepicker:1.7.1] AndroidManifest.xml:18:13-65
250        <activity
250-->[com.github.dhaval2404:imagepicker:1.7.1] AndroidManifest.xml:19:9-22:72
251            android:name="com.yalantis.ucrop.UCropActivity"
251-->[com.github.dhaval2404:imagepicker:1.7.1] AndroidManifest.xml:20:13-60
252            android:screenOrientation="portrait"
252-->[com.github.dhaval2404:imagepicker:1.7.1] AndroidManifest.xml:21:13-49
253            android:theme="@style/Theme.AppCompat.Light.NoActionBar" />
253-->[com.github.dhaval2404:imagepicker:1.7.1] AndroidManifest.xml:22:13-69
254
255        <provider
255-->[com.github.dhaval2404:imagepicker:1.7.1] AndroidManifest.xml:24:9-32:20
256            android:name="com.github.dhaval2404.imagepicker.ImagePickerFileProvider"
256-->[com.github.dhaval2404:imagepicker:1.7.1] AndroidManifest.xml:25:13-85
257            android:authorities="com.jdots.music.imagepicker.provider"
257-->[com.github.dhaval2404:imagepicker:1.7.1] AndroidManifest.xml:26:13-72
258            android:exported="false"
258-->[com.github.dhaval2404:imagepicker:1.7.1] AndroidManifest.xml:27:13-37
259            android:grantUriPermissions="true" >
259-->[com.github.dhaval2404:imagepicker:1.7.1] AndroidManifest.xml:28:13-47
260            <meta-data
260-->src\main\AndroidManifest.xml:138:13-140:58
261                android:name="android.support.FILE_PROVIDER_PATHS"
261-->src\main\AndroidManifest.xml:139:17-67
262                android:resource="@xml/image_picker_provider_paths" />
262-->src\main\AndroidManifest.xml:140:17-55
263        </provider>
264
265        <service
265-->[androidx.room:room-runtime:2.2.5] AndroidManifest.xml:25:9-28:40
266            android:name="androidx.room.MultiInstanceInvalidationService"
266-->[androidx.room:room-runtime:2.2.5] AndroidManifest.xml:26:13-74
267            android:directBootAware="true"
267-->[androidx.room:room-runtime:2.2.5] AndroidManifest.xml:27:13-43
268            android:exported="false" />
268-->[androidx.room:room-runtime:2.2.5] AndroidManifest.xml:28:13-37
269    </application>
270
271</manifest>